{
  "RSpec": {
    "coverage": {
      "/home/r3v3147i0n/Developer/system/brightness/lib/brightness.rb": [
        null,
        null,
        null,
        null,
        1,
        1,
        1,
        null,
        1,
        0,
        0,
        null,
        null,
        0,
        0,
        0,
        null,
        1,
        null,
        null,
        1,
        2,
        4,
        null,
        null,
        2,
        2,
        null,
        2,
        2,
        null,
        2,
        2,
        null,
        2,
        2,
        null,
        null,
        null,
        null,
        1,
        0,
        0,
        0,
        null,
        null,
        null,
        null,
        null,
        1,
        0,
        0,
        0,
        null,
        null,
        null,
        null,
        null,
        null,
        1,
        null,
        1,
        2,
        null,
        null,
        1,
        2,
        null,
        null,
        null,
        null,
        1,
        2,
        6,
        null,
        null,
        null,
        null,
        1,
        2,
        6,
        null,
        null,
        null,
        null,
        1,
        4,
        4,
        null,
        4,
        12,
        12,
        12,
        null,
        null,
        4,
        null,
        null
      ]
    },
    "timestamp": 1388976618
  }
}
